<?xml version="1.0" encoding="UTF-8"?>
<testsuite xmlns:xsi="http://www.w3.org/2001/XMLSchema-instance" xsi:noNamespaceSchemaLocation="https://maven.apache.org/surefire/maven-surefire-plugin/xsd/surefire-test-report-3.0.xsd" version="3.0" name="com.pfc.thindesk.service.DecisaoMatchServiceTest" time="2.559" tests="5" errors="0" skipped="0" failures="0">
  <properties>
[...]
</properties>
  <testcase name="testListarQuemMeCurtiuSemResposta" classname="com.pfc.thindesk.service.DecisaoMatchServiceTest" time="2.395">
    <system-err><![CDATA[WARNING: A Java agent has been loaded dynamically (C:\Users\user\.m2\repository\net\bytebuddy\byte-buddy-agent\1.14.10\byte-buddy-agent-1.14.10.jar)
WARNING: If a serviceability tool is in use, please run with -XX:+EnableDynamicAgentLoading to hide this warning
WARNING: If a serviceability tool is not in use, please run with -Djdk.instrument.traceUsage for more information
WARNING: Dynamic loading of agents will be disallowed by default in a future release
]]></system-err>
  </testcase>
  <testcase name="testSalvarDecisao" classname="com.pfc.thindesk.service.DecisaoMatchServiceTest" time="0.032"/>
  <testcase name="testListarMatchesComigo" classname="com.pfc.thindesk.service.DecisaoMatchServiceTest" time="0.008"/>
  <testcase name="testListarTodasDecisaoMatch" classname="com.pfc.thindesk.service.DecisaoMatchServiceTest" time="0.006"/>
  <testcase name="testVerificarMatchQuandoAmbosDeramLike" classname="com.pfc.thindesk.service.DecisaoMatchServiceTest" time="0.012"/>
</testsuite>